[ERROR] 2015-09-15 00:02:03,948 method:com.cn.derek.crawler.downloader.DownloadPage.getContentFormUrl(DownloadPage.java:165)
UnknownHostException:http://javascript:;
java.net.UnknownHostException: javascript: nodename nor servname provided, or not known
	at java.net.Inet6AddressImpl.lookupAllHostAddr(Native Method)
	at java.net.InetAddress$1.lookupAllHostAddr(InetAddress.java:901)
	at java.net.InetAddress.getAddressesFromNameService(InetAddress.java:1295)
	at java.net.InetAddress.getAllByName0(InetAddress.java:1248)
	at java.net.InetAddress.getAllByName(InetAddress.java:1164)
	at java.net.InetAddress.getAllByName(InetAddress.java:1098)
	at org.apache.http.impl.conn.SystemDefaultDnsResolver.resolve(SystemDefaultDnsResolver.java:45)
	at org.apache.http.impl.conn.DefaultHttpClientConnectionOperator.connect(DefaultHttpClientConnectionOperator.java:111)
	at org.apache.http.impl.conn.PoolingHttpClientConnectionManager.connect(PoolingHttpClientConnectionManager.java:353)
	at org.apache.http.impl.execchain.MainClientExec.establishRoute(MainClientExec.java:380)
	at org.apache.http.impl.execchain.MainClientExec.execute(MainClientExec.java:236)
	at org.apache.http.impl.execchain.ProtocolExec.execute(ProtocolExec.java:184)
	at org.apache.http.impl.execchain.RetryExec.execute(RetryExec.java:88)
	at org.apache.http.impl.execchain.RedirectExec.execute(RedirectExec.java:110)
	at org.apache.http.impl.client.InternalHttpClient.doExecute(InternalHttpClient.java:184)
	at org.apache.http.impl.client.CloseableHttpClient.execute(CloseableHttpClient.java:82)
	at org.apache.http.impl.client.CloseableHttpClient.execute(CloseableHttpClient.java:107)
	at com.cn.derek.crawler.downloader.DownloadPage.getContentFormUrl(DownloadPage.java:145)
	at com.cn.derek.crawler.UrlDataHanding.dataHanding(UrlDataHanding.java:21)
	at com.cn.derek.crawler.UrlDataHanding.run(UrlDataHanding.java:29)
	at com.cn.derek.crawler.Test.main(Test.java:26)
[ERROR] 2015-09-15 00:02:17,137 method:com.cn.derek.crawler.downloader.DownloadPage.getContentFormUrl(DownloadPage.java:165)
UnknownHostException:http://www.ccln.gov.cn/hotnews/144882.shtml
java.net.UnknownHostException: www.ccln.gov.cn: nodename nor servname provided, or not known
	at java.net.Inet6AddressImpl.lookupAllHostAddr(Native Method)
	at java.net.InetAddress$1.lookupAllHostAddr(InetAddress.java:901)
	at java.net.InetAddress.getAddressesFromNameService(InetAddress.java:1295)
	at java.net.InetAddress.getAllByName0(InetAddress.java:1248)
	at java.net.InetAddress.getAllByName(InetAddress.java:1164)
	at java.net.InetAddress.getAllByName(InetAddress.java:1098)
	at org.apache.http.impl.conn.SystemDefaultDnsResolver.resolve(SystemDefaultDnsResolver.java:45)
	at org.apache.http.impl.conn.DefaultHttpClientConnectionOperator.connect(DefaultHttpClientConnectionOperator.java:111)
	at org.apache.http.impl.conn.PoolingHttpClientConnectionManager.connect(PoolingHttpClientConnectionManager.java:353)
	at org.apache.http.impl.execchain.MainClientExec.establishRoute(MainClientExec.java:380)
	at org.apache.http.impl.execchain.MainClientExec.execute(MainClientExec.java:236)
	at org.apache.http.impl.execchain.ProtocolExec.execute(ProtocolExec.java:184)
	at org.apache.http.impl.execchain.RetryExec.execute(RetryExec.java:88)
	at org.apache.http.impl.execchain.RedirectExec.execute(RedirectExec.java:110)
	at org.apache.http.impl.client.InternalHttpClient.doExecute(InternalHttpClient.java:184)
	at org.apache.http.impl.client.CloseableHttpClient.execute(CloseableHttpClient.java:82)
	at org.apache.http.impl.client.CloseableHttpClient.execute(CloseableHttpClient.java:107)
	at com.cn.derek.crawler.downloader.DownloadPage.getContentFormUrl(DownloadPage.java:145)
	at com.cn.derek.crawler.UrlDataHanding.dataHanding(UrlDataHanding.java:21)
	at com.cn.derek.crawler.UrlDataHanding.run(UrlDataHanding.java:29)
	at com.cn.derek.crawler.Test.main(Test.java:26)
[ERROR] 2015-09-15 00:02:32,004 method:com.cn.derek.crawler.downloader.DownloadPage.getContentFormUrl(DownloadPage.java:165)
UnknownHostException:http://javascript:void(0);
java.net.UnknownHostException: javascript: nodename nor servname provided, or not known
	at java.net.Inet6AddressImpl.lookupAllHostAddr(Native Method)
	at java.net.InetAddress$1.lookupAllHostAddr(InetAddress.java:901)
	at java.net.InetAddress.getAddressesFromNameService(InetAddress.java:1295)
	at java.net.InetAddress.getAllByName0(InetAddress.java:1248)
	at java.net.InetAddress.getAllByName(InetAddress.java:1164)
	at java.net.InetAddress.getAllByName(InetAddress.java:1098)
	at org.apache.http.impl.conn.SystemDefaultDnsResolver.resolve(SystemDefaultDnsResolver.java:45)
	at org.apache.http.impl.conn.DefaultHttpClientConnectionOperator.connect(DefaultHttpClientConnectionOperator.java:111)
	at org.apache.http.impl.conn.PoolingHttpClientConnectionManager.connect(PoolingHttpClientConnectionManager.java:353)
	at org.apache.http.impl.execchain.MainClientExec.establishRoute(MainClientExec.java:380)
	at org.apache.http.impl.execchain.MainClientExec.execute(MainClientExec.java:236)
	at org.apache.http.impl.execchain.ProtocolExec.execute(ProtocolExec.java:184)
	at org.apache.http.impl.execchain.RetryExec.execute(RetryExec.java:88)
	at org.apache.http.impl.execchain.RedirectExec.execute(RedirectExec.java:110)
	at org.apache.http.impl.client.InternalHttpClient.doExecute(InternalHttpClient.java:184)
	at org.apache.http.impl.client.CloseableHttpClient.execute(CloseableHttpClient.java:82)
	at org.apache.http.impl.client.CloseableHttpClient.execute(CloseableHttpClient.java:107)
	at com.cn.derek.crawler.downloader.DownloadPage.getContentFormUrl(DownloadPage.java:145)
	at com.cn.derek.crawler.UrlDataHanding.dataHanding(UrlDataHanding.java:21)
	at com.cn.derek.crawler.UrlDataHanding.run(UrlDataHanding.java:29)
	at com.cn.derek.crawler.Test.main(Test.java:26)
[ERROR] 2015-09-15 00:07:42,125 method:com.cn.derek.crawler.downloader.DownloadPage.getContentFormUrl(DownloadPage.java:165)
UnknownHostException:http://javascript:;
java.net.UnknownHostException: javascript: nodename nor servname provided, or not known
	at java.net.Inet6AddressImpl.lookupAllHostAddr(Native Method)
	at java.net.InetAddress$1.lookupAllHostAddr(InetAddress.java:901)
	at java.net.InetAddress.getAddressesFromNameService(InetAddress.java:1295)
	at java.net.InetAddress.getAllByName0(InetAddress.java:1248)
	at java.net.InetAddress.getAllByName(InetAddress.java:1164)
	at java.net.InetAddress.getAllByName(InetAddress.java:1098)
	at org.apache.http.impl.conn.SystemDefaultDnsResolver.resolve(SystemDefaultDnsResolver.java:45)
	at org.apache.http.impl.conn.DefaultHttpClientConnectionOperator.connect(DefaultHttpClientConnectionOperator.java:111)
	at org.apache.http.impl.conn.PoolingHttpClientConnectionManager.connect(PoolingHttpClientConnectionManager.java:353)
	at org.apache.http.impl.execchain.MainClientExec.establishRoute(MainClientExec.java:380)
	at org.apache.http.impl.execchain.MainClientExec.execute(MainClientExec.java:236)
	at org.apache.http.impl.execchain.ProtocolExec.execute(ProtocolExec.java:184)
	at org.apache.http.impl.execchain.RetryExec.execute(RetryExec.java:88)
	at org.apache.http.impl.execchain.RedirectExec.execute(RedirectExec.java:110)
	at org.apache.http.impl.client.InternalHttpClient.doExecute(InternalHttpClient.java:184)
	at org.apache.http.impl.client.CloseableHttpClient.execute(CloseableHttpClient.java:82)
	at org.apache.http.impl.client.CloseableHttpClient.execute(CloseableHttpClient.java:107)
	at com.cn.derek.crawler.downloader.DownloadPage.getContentFormUrl(DownloadPage.java:145)
	at com.cn.derek.crawler.UrlDataHanding.dataHanding(UrlDataHanding.java:21)
	at com.cn.derek.crawler.UrlDataHanding.run(UrlDataHanding.java:29)
	at com.cn.derek.crawler.Test.main(Test.java:26)
[ERROR] 2015-09-15 00:07:50,375 method:com.cn.derek.crawler.downloader.DownloadPage.getContentFormUrl(DownloadPage.java:165)
UnknownHostException:http://javascript:void(0);
java.net.UnknownHostException: javascript
	at java.net.InetAddress.getAllByName0(InetAddress.java:1252)
	at java.net.InetAddress.getAllByName(InetAddress.java:1164)
	at java.net.InetAddress.getAllByName(InetAddress.java:1098)
	at org.apache.http.impl.conn.SystemDefaultDnsResolver.resolve(SystemDefaultDnsResolver.java:45)
	at org.apache.http.impl.conn.DefaultHttpClientConnectionOperator.connect(DefaultHttpClientConnectionOperator.java:111)
	at org.apache.http.impl.conn.PoolingHttpClientConnectionManager.connect(PoolingHttpClientConnectionManager.java:353)
	at org.apache.http.impl.execchain.MainClientExec.establishRoute(MainClientExec.java:380)
	at org.apache.http.impl.execchain.MainClientExec.execute(MainClientExec.java:236)
	at org.apache.http.impl.execchain.ProtocolExec.execute(ProtocolExec.java:184)
	at org.apache.http.impl.execchain.RetryExec.execute(RetryExec.java:88)
	at org.apache.http.impl.execchain.RedirectExec.execute(RedirectExec.java:110)
	at org.apache.http.impl.client.InternalHttpClient.doExecute(InternalHttpClient.java:184)
	at org.apache.http.impl.client.CloseableHttpClient.execute(CloseableHttpClient.java:82)
	at org.apache.http.impl.client.CloseableHttpClient.execute(CloseableHttpClient.java:107)
	at com.cn.derek.crawler.downloader.DownloadPage.getContentFormUrl(DownloadPage.java:145)
	at com.cn.derek.crawler.UrlDataHanding.dataHanding(UrlDataHanding.java:21)
	at com.cn.derek.crawler.UrlDataHanding.run(UrlDataHanding.java:29)
	at com.cn.derek.crawler.Test.main(Test.java:26)
[ERROR] 2015-09-15 00:07:50,382 method:com.cn.derek.crawler.downloader.DownloadPage.getContentFormUrl(DownloadPage.java:170)

org.apache.http.client.ClientProtocolException
	at org.apache.http.impl.client.InternalHttpClient.doExecute(InternalHttpClient.java:186)
	at org.apache.http.impl.client.CloseableHttpClient.execute(CloseableHttpClient.java:82)
	at org.apache.http.impl.client.CloseableHttpClient.execute(CloseableHttpClient.java:107)
	at com.cn.derek.crawler.downloader.DownloadPage.getContentFormUrl(DownloadPage.java:145)
	at com.cn.derek.crawler.UrlDataHanding.dataHanding(UrlDataHanding.java:21)
	at com.cn.derek.crawler.UrlDataHanding.run(UrlDataHanding.java:29)
	at com.cn.derek.crawler.Test.main(Test.java:26)
Caused by: org.apache.http.ProtocolException: Target host is not specified
	at org.apache.http.impl.conn.DefaultRoutePlanner.determineRoute(DefaultRoutePlanner.java:70)
	at org.apache.http.impl.client.InternalHttpClient.determineRoute(InternalHttpClient.java:124)
	at org.apache.http.impl.client.InternalHttpClient.doExecute(InternalHttpClient.java:183)
	... 6 more
[ERROR] 2015-09-15 00:08:00,472 method:com.cn.derek.crawler.downloader.DownloadPage.getContentFormUrl(DownloadPage.java:165)
UnknownHostException:http://javascript:void(0)
java.net.UnknownHostException: javascript: nodename nor servname provided, or not known
	at java.net.Inet6AddressImpl.lookupAllHostAddr(Native Method)
	at java.net.InetAddress$1.lookupAllHostAddr(InetAddress.java:901)
	at java.net.InetAddress.getAddressesFromNameService(InetAddress.java:1295)
	at java.net.InetAddress.getAllByName0(InetAddress.java:1248)
	at java.net.InetAddress.getAllByName(InetAddress.java:1164)
	at java.net.InetAddress.getAllByName(InetAddress.java:1098)
	at org.apache.http.impl.conn.SystemDefaultDnsResolver.resolve(SystemDefaultDnsResolver.java:45)
	at org.apache.http.impl.conn.DefaultHttpClientConnectionOperator.connect(DefaultHttpClientConnectionOperator.java:111)
	at org.apache.http.impl.conn.PoolingHttpClientConnectionManager.connect(PoolingHttpClientConnectionManager.java:353)
	at org.apache.http.impl.execchain.MainClientExec.establishRoute(MainClientExec.java:380)
	at org.apache.http.impl.execchain.MainClientExec.execute(MainClientExec.java:236)
	at org.apache.http.impl.execchain.ProtocolExec.execute(ProtocolExec.java:184)
	at org.apache.http.impl.execchain.RetryExec.execute(RetryExec.java:88)
	at org.apache.http.impl.execchain.RedirectExec.execute(RedirectExec.java:110)
	at org.apache.http.impl.client.InternalHttpClient.doExecute(InternalHttpClient.java:184)
	at org.apache.http.impl.client.CloseableHttpClient.execute(CloseableHttpClient.java:82)
	at org.apache.http.impl.client.CloseableHttpClient.execute(CloseableHttpClient.java:107)
	at com.cn.derek.crawler.downloader.DownloadPage.getContentFormUrl(DownloadPage.java:145)
	at com.cn.derek.crawler.UrlDataHanding.dataHanding(UrlDataHanding.java:21)
	at com.cn.derek.crawler.UrlDataHanding.run(UrlDataHanding.java:29)
	at com.cn.derek.crawler.Test.main(Test.java:26)
[ERROR] 2015-09-15 00:09:52,440 method:com.cn.derek.crawler.downloader.DownloadPage.getContentFormUrl(DownloadPage.java:163)
Connect to sports.baidu.com:80 [sports.baidu.com/115.239.210.52] failed: connect timed out
org.apache.http.conn.ConnectTimeoutException: Connect to sports.baidu.com:80 [sports.baidu.com/115.239.210.52] failed: connect timed out
	at org.apache.http.impl.conn.DefaultHttpClientConnectionOperator.connect(DefaultHttpClientConnectionOperator.java:143)
	at org.apache.http.impl.conn.PoolingHttpClientConnectionManager.connect(PoolingHttpClientConnectionManager.java:353)
	at org.apache.http.impl.execchain.MainClientExec.establishRoute(MainClientExec.java:380)
	at org.apache.http.impl.execchain.MainClientExec.execute(MainClientExec.java:236)
	at org.apache.http.impl.execchain.ProtocolExec.execute(ProtocolExec.java:184)
	at org.apache.http.impl.execchain.RetryExec.execute(RetryExec.java:88)
	at org.apache.http.impl.execchain.RedirectExec.execute(RedirectExec.java:110)
	at org.apache.http.impl.client.InternalHttpClient.doExecute(InternalHttpClient.java:184)
	at org.apache.http.impl.client.CloseableHttpClient.execute(CloseableHttpClient.java:82)
	at org.apache.http.impl.client.CloseableHttpClient.execute(CloseableHttpClient.java:107)
	at com.cn.derek.crawler.downloader.DownloadPage.getContentFormUrl(DownloadPage.java:145)
	at com.cn.derek.crawler.UrlDataHanding.dataHanding(UrlDataHanding.java:21)
	at com.cn.derek.crawler.UrlDataHanding.run(UrlDataHanding.java:29)
	at com.cn.derek.crawler.Test.main(Test.java:26)
Caused by: java.net.SocketTimeoutException: connect timed out
	at java.net.PlainSocketImpl.socketConnect(Native Method)
	at java.net.AbstractPlainSocketImpl.doConnect(AbstractPlainSocketImpl.java:339)
	at java.net.AbstractPlainSocketImpl.connectToAddress(AbstractPlainSocketImpl.java:200)
	at java.net.AbstractPlainSocketImpl.connect(AbstractPlainSocketImpl.java:182)
	at java.net.SocksSocketImpl.connect(SocksSocketImpl.java:392)
	at java.net.Socket.connect(Socket.java:579)
	at org.apache.http.conn.socket.PlainConnectionSocketFactory.connectSocket(PlainConnectionSocketFactory.java:74)
	at org.apache.http.impl.conn.DefaultHttpClientConnectionOperator.connect(DefaultHttpClientConnectionOperator.java:134)
	... 13 more
[ERROR] 2015-09-15 00:10:22,987 method:com.cn.derek.crawler.downloader.DownloadPage.getContentFormUrl(DownloadPage.java:165)
UnknownHostException:http://sh.xcar.com.cn/201509/news_1858386_1.html
java.net.UnknownHostException: sh.xcar.com.cn: nodename nor servname provided, or not known
	at java.net.Inet6AddressImpl.lookupAllHostAddr(Native Method)
	at java.net.InetAddress$1.lookupAllHostAddr(InetAddress.java:901)
	at java.net.InetAddress.getAddressesFromNameService(InetAddress.java:1295)
	at java.net.InetAddress.getAllByName0(InetAddress.java:1248)
	at java.net.InetAddress.getAllByName(InetAddress.java:1164)
	at java.net.InetAddress.getAllByName(InetAddress.java:1098)
	at org.apache.http.impl.conn.SystemDefaultDnsResolver.resolve(SystemDefaultDnsResolver.java:45)
	at org.apache.http.impl.conn.DefaultHttpClientConnectionOperator.connect(DefaultHttpClientConnectionOperator.java:111)
	at org.apache.http.impl.conn.PoolingHttpClientConnectionManager.connect(PoolingHttpClientConnectionManager.java:353)
	at org.apache.http.impl.execchain.MainClientExec.establishRoute(MainClientExec.java:380)
	at org.apache.http.impl.execchain.MainClientExec.execute(MainClientExec.java:236)
	at org.apache.http.impl.execchain.ProtocolExec.execute(ProtocolExec.java:184)
	at org.apache.http.impl.execchain.RetryExec.execute(RetryExec.java:88)
	at org.apache.http.impl.execchain.RedirectExec.execute(RedirectExec.java:110)
	at org.apache.http.impl.client.InternalHttpClient.doExecute(InternalHttpClient.java:184)
	at org.apache.http.impl.client.CloseableHttpClient.execute(CloseableHttpClient.java:82)
	at org.apache.http.impl.client.CloseableHttpClient.execute(CloseableHttpClient.java:107)
	at com.cn.derek.crawler.downloader.DownloadPage.getContentFormUrl(DownloadPage.java:145)
	at com.cn.derek.crawler.UrlDataHanding.dataHanding(UrlDataHanding.java:21)
	at com.cn.derek.crawler.UrlDataHanding.run(UrlDataHanding.java:29)
	at com.cn.derek.crawler.Test.main(Test.java:26)
[ERROR] 2015-09-15 00:14:24,369 method:com.cn.derek.crawler.downloader.DownloadPage.getContentFormUrl(DownloadPage.java:174)

java.io.EOFException
	at java.util.zip.GZIPInputStream.readUByte(GZIPInputStream.java:264)
	at java.util.zip.GZIPInputStream.readUShort(GZIPInputStream.java:254)
	at java.util.zip.GZIPInputStream.readUInt(GZIPInputStream.java:246)
	at java.util.zip.GZIPInputStream.readTrailer(GZIPInputStream.java:218)
	at java.util.zip.GZIPInputStream.read(GZIPInputStream.java:118)
	at org.apache.http.client.entity.LazyDecompressingInputStream.read(LazyDecompressingInputStream.java:73)
	at sun.nio.cs.StreamDecoder.readBytes(StreamDecoder.java:283)
	at sun.nio.cs.StreamDecoder.implRead(StreamDecoder.java:325)
	at sun.nio.cs.StreamDecoder.read(StreamDecoder.java:177)
	at java.io.InputStreamReader.read(InputStreamReader.java:184)
	at java.io.Reader.read(Reader.java:140)
	at org.apache.http.util.EntityUtils.toString(EntityUtils.java:247)
	at org.apache.http.util.EntityUtils.toString(EntityUtils.java:291)
	at com.cn.derek.crawler.downloader.DownloadPage.getContentFormUrl(DownloadPage.java:151)
	at com.cn.derek.crawler.UrlDataHanding.dataHanding(UrlDataHanding.java:21)
	at com.cn.derek.crawler.UrlDataHanding.run(UrlDataHanding.java:29)
	at com.cn.derek.crawler.Test.main(Test.java:26)
[ERROR] 2015-09-15 00:18:46,165 method:com.cn.derek.crawler.downloader.DownloadPage.getContentFormUrl(DownloadPage.java:163)
Connect to news.baidu.com:8090 [news.baidu.com/115.239.210.52] failed: connect timed out
org.apache.http.conn.ConnectTimeoutException: Connect to news.baidu.com:8090 [news.baidu.com/115.239.210.52] failed: connect timed out
	at org.apache.http.impl.conn.DefaultHttpClientConnectionOperator.connect(DefaultHttpClientConnectionOperator.java:143)
	at org.apache.http.impl.conn.PoolingHttpClientConnectionManager.connect(PoolingHttpClientConnectionManager.java:353)
	at org.apache.http.impl.execchain.MainClientExec.establishRoute(MainClientExec.java:380)
	at org.apache.http.impl.execchain.MainClientExec.execute(MainClientExec.java:236)
	at org.apache.http.impl.execchain.ProtocolExec.execute(ProtocolExec.java:184)
	at org.apache.http.impl.execchain.RetryExec.execute(RetryExec.java:88)
	at org.apache.http.impl.execchain.RedirectExec.execute(RedirectExec.java:110)
	at org.apache.http.impl.client.InternalHttpClient.doExecute(InternalHttpClient.java:184)
	at org.apache.http.impl.client.CloseableHttpClient.execute(CloseableHttpClient.java:82)
	at org.apache.http.impl.client.CloseableHttpClient.execute(CloseableHttpClient.java:107)
	at com.cn.derek.crawler.downloader.DownloadPage.getContentFormUrl(DownloadPage.java:145)
	at com.cn.derek.crawler.UrlDataHanding.dataHanding(UrlDataHanding.java:21)
	at com.cn.derek.crawler.UrlDataHanding.run(UrlDataHanding.java:29)
	at com.cn.derek.crawler.Test.main(Test.java:26)
Caused by: java.net.SocketTimeoutException: connect timed out
	at java.net.PlainSocketImpl.socketConnect(Native Method)
	at java.net.AbstractPlainSocketImpl.doConnect(AbstractPlainSocketImpl.java:339)
	at java.net.AbstractPlainSocketImpl.connectToAddress(AbstractPlainSocketImpl.java:200)
	at java.net.AbstractPlainSocketImpl.connect(AbstractPlainSocketImpl.java:182)
	at java.net.SocksSocketImpl.connect(SocksSocketImpl.java:392)
	at java.net.Socket.connect(Socket.java:579)
	at org.apache.http.conn.socket.PlainConnectionSocketFactory.connectSocket(PlainConnectionSocketFactory.java:74)
	at org.apache.http.impl.conn.DefaultHttpClientConnectionOperator.connect(DefaultHttpClientConnectionOperator.java:134)
	... 13 more
[ERROR] 2015-09-15 00:19:37,896 method:com.cn.derek.crawler.downloader.DownloadPage.getContentFormUrl(DownloadPage.java:163)
Connect to help.baidu.com:80 [help.baidu.com/220.181.164.28] failed: connect timed out
org.apache.http.conn.ConnectTimeoutException: Connect to help.baidu.com:80 [help.baidu.com/220.181.164.28] failed: connect timed out
	at org.apache.http.impl.conn.DefaultHttpClientConnectionOperator.connect(DefaultHttpClientConnectionOperator.java:143)
	at org.apache.http.impl.conn.PoolingHttpClientConnectionManager.connect(PoolingHttpClientConnectionManager.java:353)
	at org.apache.http.impl.execchain.MainClientExec.establishRoute(MainClientExec.java:380)
	at org.apache.http.impl.execchain.MainClientExec.execute(MainClientExec.java:236)
	at org.apache.http.impl.execchain.ProtocolExec.execute(ProtocolExec.java:184)
	at org.apache.http.impl.execchain.RetryExec.execute(RetryExec.java:88)
	at org.apache.http.impl.execchain.RedirectExec.execute(RedirectExec.java:110)
	at org.apache.http.impl.client.InternalHttpClient.doExecute(InternalHttpClient.java:184)
	at org.apache.http.impl.client.CloseableHttpClient.execute(CloseableHttpClient.java:82)
	at org.apache.http.impl.client.CloseableHttpClient.execute(CloseableHttpClient.java:107)
	at com.cn.derek.crawler.downloader.DownloadPage.getContentFormUrl(DownloadPage.java:145)
	at com.cn.derek.crawler.UrlDataHanding.dataHanding(UrlDataHanding.java:21)
	at com.cn.derek.crawler.UrlDataHanding.run(UrlDataHanding.java:29)
	at com.cn.derek.crawler.Test.main(Test.java:26)
Caused by: java.net.SocketTimeoutException: connect timed out
	at java.net.PlainSocketImpl.socketConnect(Native Method)
	at java.net.AbstractPlainSocketImpl.doConnect(AbstractPlainSocketImpl.java:339)
	at java.net.AbstractPlainSocketImpl.connectToAddress(AbstractPlainSocketImpl.java:200)
	at java.net.AbstractPlainSocketImpl.connect(AbstractPlainSocketImpl.java:182)
	at java.net.SocksSocketImpl.connect(SocksSocketImpl.java:392)
	at java.net.Socket.connect(Socket.java:579)
	at org.apache.http.conn.socket.PlainConnectionSocketFactory.connectSocket(PlainConnectionSocketFactory.java:74)
	at org.apache.http.impl.conn.DefaultHttpClientConnectionOperator.connect(DefaultHttpClientConnectionOperator.java:134)
	... 13 more
[ERROR] 2015-09-15 00:19:39,432 method:com.cn.derek.crawler.downloader.DownloadPage.getContentFormUrl(DownloadPage.java:163)
Connect to www.hao123.com:80 [www.hao123.com/180.149.132.3] failed: connect timed out
org.apache.http.conn.ConnectTimeoutException: Connect to www.hao123.com:80 [www.hao123.com/180.149.132.3] failed: connect timed out
	at org.apache.http.impl.conn.DefaultHttpClientConnectionOperator.connect(DefaultHttpClientConnectionOperator.java:143)
	at org.apache.http.impl.conn.PoolingHttpClientConnectionManager.connect(PoolingHttpClientConnectionManager.java:353)
	at org.apache.http.impl.execchain.MainClientExec.establishRoute(MainClientExec.java:380)
	at org.apache.http.impl.execchain.MainClientExec.execute(MainClientExec.java:236)
	at org.apache.http.impl.execchain.ProtocolExec.execute(ProtocolExec.java:184)
	at org.apache.http.impl.execchain.RetryExec.execute(RetryExec.java:88)
	at org.apache.http.impl.execchain.RedirectExec.execute(RedirectExec.java:110)
	at org.apache.http.impl.client.InternalHttpClient.doExecute(InternalHttpClient.java:184)
	at org.apache.http.impl.client.CloseableHttpClient.execute(CloseableHttpClient.java:82)
	at org.apache.http.impl.client.CloseableHttpClient.execute(CloseableHttpClient.java:107)
	at com.cn.derek.crawler.downloader.DownloadPage.getContentFormUrl(DownloadPage.java:145)
	at com.cn.derek.crawler.UrlDataHanding.dataHanding(UrlDataHanding.java:21)
	at com.cn.derek.crawler.UrlDataHanding.run(UrlDataHanding.java:29)
	at com.cn.derek.crawler.Test.main(Test.java:26)
Caused by: java.net.SocketTimeoutException: connect timed out
	at java.net.PlainSocketImpl.socketConnect(Native Method)
	at java.net.AbstractPlainSocketImpl.doConnect(AbstractPlainSocketImpl.java:339)
	at java.net.AbstractPlainSocketImpl.connectToAddress(AbstractPlainSocketImpl.java:200)
	at java.net.AbstractPlainSocketImpl.connect(AbstractPlainSocketImpl.java:182)
	at java.net.SocksSocketImpl.connect(SocksSocketImpl.java:392)
	at java.net.Socket.connect(Socket.java:579)
	at org.apache.http.conn.socket.PlainConnectionSocketFactory.connectSocket(PlainConnectionSocketFactory.java:74)
	at org.apache.http.impl.conn.DefaultHttpClientConnectionOperator.connect(DefaultHttpClientConnectionOperator.java:134)
	... 13 more
